2024-09-19 21:49:20,841 INFO c.e.d.s.PageInfoService [task-1] {"RequestID":"aff96f56-fa2a-4c85-a4da-054f3136e120","ResponseStatus":"200","ThreadName":"http-nio-8080-exec-1","RequestTime":"2024-09-19T21:49:20.820454400","RequestURI":"\/api\/login","userID":"12345"}
2024-09-19 21:49:21,532 INFO c.e.d.s.PageInfoService [task-2] {"RequestID":"e3fcca84-8fa9-439d-94c7-f8a8536180e6","ResponseStatus":"200","ThreadName":"http-nio-8080-exec-3","RequestTime":"2024-09-19T21:49:21.531527200","RequestURI":"\/api\/collect","userID":""}
2024-09-19 21:50:50,258 INFO c.e.d.s.PageInfoService [task-3] {"RequestID":"a005e5cd-5461-4182-bd4d-85677e3cf9a7","ResponseStatus":"200","ThreadName":"http-nio-8080-exec-8","RequestTime":"2024-09-19T21:50:50.256009100","RequestURI":"\/api\/collect","userID":""}
2024-09-19 21:51:42,455 INFO c.e.d.s.PageInfoService [task-4] {"RequestID":"542b8f88-d56b-4f02-8856-86aad8204e64","ResponseStatus":"200","ThreadName":"http-nio-8080-exec-2","RequestTime":"2024-09-19T21:51:42.454199300","RequestURI":"\/api\/login","userID":"12345"}
2024-09-19 21:51:47,347 INFO c.e.d.s.PageInfoService [task-5] {"RequestID":"b177f6c5-9cdc-41b8-a0c4-f1b3dd12dd26","ResponseStatus":"200","ThreadName":"http-nio-8080-exec-5","RequestTime":"2024-09-19T21:51:47.346030600","RequestURI":"\/api\/login","userID":"55555"}
2024-09-19 21:51:49,291 INFO c.e.d.s.PageInfoService [task-6] {"RequestID":"0ba78bbe-b39d-473f-9c0f-4c49ab1477a5","ResponseStatus":"200","ThreadName":"http-nio-8080-exec-9","RequestTime":"2024-09-19T21:51:49.289937300","RequestURI":"\/api\/collect","userID":"55555"}
2024-09-19 21:57:15,285 INFO c.e.d.s.PageInfoService [task-7] {"RequestID":"20d0dcf1-546b-46ed-bcb0-07fcccb62641","ResponseStatus":"200","ThreadName":"http-nio-8080-exec-3","RequestTime":"2024-09-19T21:57:15.283627600","RequestURI":"\/api\/login","userID":"12345"}
2024-09-19 21:57:16,454 INFO c.e.d.s.PageInfoService [task-8] {"RequestID":"0f46e2d8-a740-455f-b3a3-fddd070c7d7b","ResponseStatus":"200","ThreadName":"http-nio-8080-exec-4","RequestTime":"2024-09-19T21:57:16.453525600","RequestURI":"\/api\/login","userID":"12345"}
2024-09-19 21:57:17,572 INFO c.e.d.s.PageInfoService [task-9] {"RequestID":"1e6f9d7c-4754-4ae4-9171-f5d54627b0fc","ResponseStatus":"200","ThreadName":"http-nio-8080-exec-7","RequestTime":"2024-09-19T21:57:17.571169100","RequestURI":"\/api\/collect","userID":"12345"}
2024-09-19 22:00:08,285 INFO {"RequestID":"88fd39b0-11d6-4b4d-9876-3adf9773a2ab","ResponseStatus":"200","ThreadName":"http-nio-8080-exec-1","RequestTime":"2024-09-19T22:00:08.271462900","RequestURI":"\/api\/login","userID":"12345"}
2024-09-19 22:00:09,144 INFO {"RequestID":"45ed366c-cf45-4ac2-9e84-2c48f2696a56","ResponseStatus":"200","ThreadName":"http-nio-8080-exec-2","RequestTime":"2024-09-19T22:00:09.143605800","RequestURI":"\/api\/collect","userID":""}
2024-09-19 22:07:22,774 INFO {"RequestID":"a5962055-c523-4b4f-af57-2c55fa7b76f0","ResponseStatus":"200","ThreadName":"http-nio-8080-exec-5","RequestTime":"2024-09-19T22:07:22.772598100","RequestURI":"\/api\/login","userID":"12345"}
2024-09-19 22:07:24,664 INFO {"RequestID":"31772a62-885c-4264-94fd-c4990b58e538","ResponseStatus":"200","ThreadName":"http-nio-8080-exec-6","RequestTime":"2024-09-19T22:07:24.663839500","RequestURI":"\/api\/collect","userID":"12345"}
2024-09-19 22:07:25,901 INFO {"RequestID":"db77a7fd-44b0-4cb0-b3df-35968bf57378","ResponseStatus":"200","ThreadName":"http-nio-8080-exec-7","RequestTime":"2024-09-19T22:07:25.899488400","RequestURI":"\/api\/collect","userID":"12345"}
2024-09-19 22:37:02,447 INFO {"RequestID":"005459b8-8014-4cd8-8ed9-0c0825f085a0","ResponseStatus":"200","ThreadName":"http-nio-8080-exec-10","RequestTime":"2024-09-19T22:37:02.445531500","RequestURI":"\/api\/collect","userID":""}
2024-09-19 22:37:03,898 INFO {"RequestID":"c2ec8973-82c2-450d-8fa4-1dd6e43b39e9","ResponseStatus":"200","ThreadName":"http-nio-8080-exec-1","RequestTime":"2024-09-19T22:37:03.897859800","RequestURI":"\/api\/collect","userID":""}
2024-09-19 22:37:04,752 INFO {"RequestID":"0b5bfb59-f1b6-4d3c-bb62-b6f407fca649","ResponseStatus":"200","ThreadName":"http-nio-8080-exec-2","RequestTime":"2024-09-19T22:37:04.750531500","RequestURI":"\/api\/collect","userID":""}
2024-09-19 22:37:24,383 INFO {"RequestID":"eb84a81e-7c42-4f3b-a437-3b0f7e118961","ResponseStatus":"200","ThreadName":"http-nio-8080-exec-4","RequestTime":"2024-09-19T22:37:24.381795500","RequestURI":"\/api\/login","userID":"12345"}
2024-09-19 22:37:25,245 INFO {"RequestID":"10a3fb07-3cf3-4b55-a9e2-6c7d34e0f086","ResponseStatus":"200","ThreadName":"http-nio-8080-exec-3","RequestTime":"2024-09-19T22:37:25.243859900","RequestURI":"\/api\/collect","userID":"12345"}
2024-09-19 22:37:58,764 INFO {"RequestID":"5357858c-c38a-4d2f-8f1a-d82b180f716c","ResponseStatus":"200","ThreadName":"http-nio-8080-exec-5","RequestTime":"2024-09-19T22:37:58.763290500","RequestURI":"\/api\/collect","userID":"12345"}
2024-09-19 22:38:41,087 INFO {"RequestID":"8500edae-30a7-41ea-9189-4a13651a7eda","ResponseStatus":"200","ThreadName":"http-nio-8080-exec-7","RequestTime":"2024-09-19T22:38:41.086833900","RequestURI":"\/api\/login","userID":"111111"}
2024-09-19 22:38:43,226 INFO {"RequestID":"5b5544b9-bdf9-4238-b4dc-67675934c469","ResponseStatus":"200","ThreadName":"http-nio-8080-exec-9","RequestTime":"2024-09-19T22:38:43.225747800","RequestURI":"\/api\/collect","userID":"111111"}
2024-09-19 22:38:44,320 INFO {"RequestID":"88f1bcbc-b456-40e9-a949-84c8563ba308","ResponseStatus":"200","ThreadName":"http-nio-8080-exec-10","RequestTime":"2024-09-19T22:38:44.318658900","RequestURI":"\/api\/collect","userID":"111111"}
2024-09-19 22:38:45,121 INFO {"RequestID":"215d2cef-4a30-47de-8890-9565300abf09","ResponseStatus":"200","ThreadName":"http-nio-8080-exec-1","RequestTime":"2024-09-19T22:38:45.120193100","RequestURI":"\/api\/collect","userID":"111111"}
2024-09-19 22:38:45,640 INFO {"RequestID":"e3de2249-3a57-4223-8fa4-dbd305b8f7a7","ResponseStatus":"200","ThreadName":"http-nio-8080-exec-2","RequestTime":"2024-09-19T22:38:45.640546400","RequestURI":"\/api\/collect","userID":"111111"}
